0 info it worked if it ends with ok
1 verbose cli [ '/usr/local/node/bin/node',
1 verbose cli   '/usr/local/bin/npm',
1 verbose cli   'run-script',
1 verbose cli   'motor' ]
2 info using npm@2.15.9
3 info using node@v4.5.0
4 verbose stack Error: ENOENT: no such file or directory, open '/home/pi/git/raybot/njs/cortex/serial/package.json'
4 verbose stack     at Error (native)
5 verbose cwd /home/pi/git/raybot/njs/cortex/serial/cli
6 error Linux 4.1.13-v7
7 error argv "/usr/local/node/bin/node" "/usr/local/bin/npm" "run-script" "motor"
8 error node v4.5.0
9 error npm  v2.15.9
10 error path /home/pi/git/raybot/njs/cortex/serial/package.json
11 error code ENOENT
12 error errno -2
13 error syscall open
14 error enoent ENOENT: no such file or directory, open '/home/pi/git/raybot/njs/cortex/serial/package.json'
14 error enoent This is most likely not a problem with npm itself
14 error enoent and is related to npm not being able to find a file.
15 verbose exit [ -2, true ]
